[    50.366] (--) Log file renamed from "/home/daria/.local/share/xorg/Xorg.pid-835.log" to "/home/daria/.local/share/xorg/Xorg.0.log"
[    50.461] 
X.Org X Server 1.20.8
X Protocol Version 11, Revision 0
[    50.461] Build Operating System: Linux 4.15.0-115-generic x86_64 Ubuntu
[    50.461] Current Operating System: Linux daria-H61M-D2-B3 5.4.0-48-generic #52-Ubuntu SMP Thu Sep 10 10:58:49 UTC 2020 x86_64
[    50.461] Kernel command line: BOOT_IMAGE=/boot/vmlinuz-5.4.0-48-generic root=UUID=a08dc402-3f9b-4311-b215-783f53ac7848 ro quiet splash vt.handoff=7
[    50.461] Build Date: 04 September 2020  01:34:27PM
[    50.461] xorg-server 2:1.20.8-2ubuntu2.4 (For technical support please see http://www.ubuntu.com/support) 
[    50.461] Current version of pixman: 0.38.4
[    50.461] 	Before reporting problems, check http://wiki.x.org
	to make sure that you have the latest version.
[    50.461] Markers: (--) probed, (**) from config file, (==) default setting,
	(++) from command line, (!!) notice, (II) informational,
	(WW) warning, (EE) error, (NI) not implemented, (??) unknown.
[    50.461] (==) Log file: "/home/daria/.local/share/xorg/Xorg.0.log", Time: Sun Sep 27 10:07:41 2020
[    50.587] (==) Using system config directory "/usr/share/X11/xorg.conf.d"
[    50.758] (==) No Layout section.  Using the first Screen section.
[    50.758] (==) No screen section available. Using defaults.
[    50.758] (**) |-->Screen "Default Screen Section" (0)
[    50.758] (**) |   |-->Monitor "<default monitor>"
[    50.898] (==) No monitor specified for screen "Default Screen Section".
	Using a default monitor configuration.
[    50.898] (==) Automatically adding devices
[    50.898] (==) Automatically enabling devices
[    50.898] (==) Automatically adding GPU devices
[    50.898] (==) Automatically binding GPU devices
[    50.898] (==) Max clients allowed: 256, resource mask: 0x1fffff
[    51.298] (WW) The directory "/usr/share/fonts/X11/cyrillic" does not exist.
[    51.298] 	Entry deleted from font path.
[    51.298] (WW) The directory "/usr/share/fonts/X11/100dpi/" does not exist.
[    51.298] 	Entry deleted from font path.
[    51.298] (WW) The directory "/usr/share/fonts/X11/75dpi/" does not exist.
[    51.298] 	Entry deleted from font path.
[    51.330] (WW) The directory "/usr/share/fonts/X11/100dpi" does not exist.
[    51.330] 	Entry deleted from font path.
[    51.330] (WW) The directory "/usr/share/fonts/X11/75dpi" does not exist.
[    51.330] 	Entry deleted from font path.
[    51.330] (==) FontPath set to:
	/usr/share/fonts/X11/misc,
	/usr/share/fonts/X11/Type1,
	built-ins
[    51.330] (==) ModulePath set to "/usr/lib/xorg/modules"
[    51.330] (II) The server relies on udev to provide the list of input devices.
	If no devices become available, reconfigure udev or disable AutoAddDevices.
[    51.330] (II) Loader magic: 0x562666bb4020
[    51.330] (II) Module ABI versions:
[    51.330] 	X.Org ANSI C Emulation: 0.4
[    51.331] 	X.Org Video Driver: 24.1
[    51.331] 	X.Org XInput driver : 24.1
[    51.331] 	X.Org Server Extension : 10.0
[    51.332] (++) using VT number 2

[    51.334] (II) systemd-logind: took control of session /org/freedesktop/login1/session/_31
[    51.335] (II) xfree86: Adding drm device (/dev/dri/card0)
[    51.336] (II) systemd-logind: got fd for /dev/dri/card0 226:0 fd 12 paused 0
[    51.340] (--) PCI:*(0@0:2:0) 8086:0102:1458:d000 rev 9, Mem @ 0xfb800000/4194304, 0xe0000000/268435456, I/O @ 0x0000ff00/64, BIOS @ 0x????????/131072
[    51.362] (II) LoadModule: "glx"
[    51.419] (II) Loading /usr/lib/xorg/modules/extensions/libglx.so
[    51.939] (II) Module glx: vendor="X.Org Foundation"
[    51.939] 	compiled for 1.20.8, module version = 1.0.0
[    51.939] 	ABI class: X.Org Server Extension, version 10.0
[    51.939] (==) Matched modesetting as autoconfigured driver 0
[    51.939] (==) Matched fbdev as autoconfigured driver 1
[    51.939] (==) Matched vesa as autoconfigured driver 2
[    51.939] (==) Assigned the driver to the xf86ConfigLayout
[    51.939] (II) LoadModule: "modesetting"
[    51.990] (II) Loading /usr/lib/xorg/modules/drivers/modesetting_drv.so
[    52.042] (II) Module modesetting: vendor="X.Org Foundation"
[    52.042] 	compiled for 1.20.8, module version = 1.20.8
[    52.042] 	Module class: X.Org Video Driver
[    52.042] 	ABI class: X.Org Video Driver, version 24.1
[    52.042] (II) LoadModule: "fbdev"
[    52.042] (II) Loading /usr/lib/xorg/modules/drivers/fbdev_drv.so
[    52.075] (II) Module fbdev: vendor="X.Org Foundation"
[    52.075] 	compiled for 1.20.1, module version = 0.5.0
[    52.075] 	Module class: X.Org Video Driver
[    52.075] 	ABI class: X.Org Video Driver, version 24.0
[    52.075] (II) LoadModule: "vesa"
[    52.075] (II) Loading /usr/lib/xorg/modules/drivers/vesa_drv.so
[    52.092] (II) Module vesa: vendor="X.Org Foundation"
[    52.094] 	compiled for 1.20.4, module version = 2.4.0
[    52.094] 	Module class: X.Org Video Driver
[    52.094] 	ABI class: X.Org Video Driver, version 24.0
[    52.094] (II) modesetting: Driver for Modesetting Kernel Drivers: kms
[    52.094] (II) FBDEV: driver for framebuffer: fbdev
[    52.094] (II) VESA: driver for VESA chipsets: vesa
[    52.094] xf86EnableIOPorts: failed to set IOPL for I/O (Operation not permitted)
[    52.095] (II) modeset(0): using drv /dev/dri/card0
[    52.095] (WW) Falling back to old probe method for fbdev
[    52.095] (II) Loading sub module "fbdevhw"
[    52.095] (II) LoadModule: "fbdevhw"
[    52.095] (II) Loading /usr/lib/xorg/modules/libfbdevhw.so
[    52.213] (II) Module fbdevhw: vendor="X.Org Foundation"
[    52.213] 	compiled for 1.20.8, module version = 0.0.2
[    52.213] 	ABI class: X.Org Video Driver, version 24.1
[    52.214] (EE) open /dev/fb0: Permission denied
[    52.214] (WW) VGA arbiter: cannot open kernel arbiter, no multi-card support
[    52.214] (II) modeset(0): Creating default Display subsection in Screen section
	"Default Screen Section" for depth/fbbpp 24/32
[    52.214] (==) modeset(0): Depth 24, (==) framebuffer bpp 32
[    52.214] (==) modeset(0): RGB weight 888
[    52.214] (==) modeset(0): Default visual is TrueColor
[    52.214] (II) Loading sub module "glamoregl"
[    52.214] (II) LoadModule: "glamoregl"
[    52.214] (II) Loading /usr/lib/xorg/modules/libglamoregl.so
[    52.503] (II) Module glamoregl: vendor="X.Org Foundation"
[    52.504] 	compiled for 1.20.8, module version = 1.0.1
[    52.504] 	ABI class: X.Org ANSI C Emulation, version 0.4
[    55.271] (II) modeset(0): glamor X acceleration enabled on Mesa DRI Intel(R) HD Graphics 2000 (SNB GT1)
[    55.271] (II) modeset(0): glamor initialized
[    55.295] (II) modeset(0): Output VGA-1 has no monitor section
[    55.297] (II) modeset(0): Output HDMI-1 has no monitor section
[    55.297] (II) modeset(0): Output DP-1 has no monitor section
[    55.298] (II) modeset(0): Output HDMI-2 has no monitor section
[    55.298] (II) modeset(0): Output DP-2 has no monitor section
[    55.312] (II) modeset(0): EDID for output VGA-1
[    55.312] (II) modeset(0): Manufacturer: GSM  Model: 5ab6  Serial#: 463518
[    55.312] (II) modeset(0): Year: 2019  Week: 4
[    55.312] (II) modeset(0): EDID Version: 1.3
[    55.312] (II) modeset(0): Analog Display Input,  Input Voltage Level: 0.700/0.700 V
[    55.312] (II) modeset(0): Sync:  Separate  Composite
[    55.312] (II) modeset(0): Max Image Size [cm]: horiz.: 48  vert.: 27
[    55.312] (II) modeset(0): Gamma: 2.20
[    55.312] (II) modeset(0): DPMS capabilities: StandBy Suspend Off; RGB/Color Display
[    55.312] (II) modeset(0): First detailed timing is preferred mode
[    55.312] (II) modeset(0): redX: 0.645 redY: 0.335   greenX: 0.305 greenY: 0.630
[    55.312] (II) modeset(0): blueX: 0.148 blueY: 0.050   whiteX: 0.313 whiteY: 0.329
[    55.312] (II) modeset(0): Supported established timings:
[    55.312] (II) modeset(0): 720x400@70Hz
[    55.312] (II) modeset(0): 640x480@60Hz
[    55.312] (II) modeset(0): 640x480@75Hz
[    55.312] (II) modeset(0): 800x600@60Hz
[    55.312] (II) modeset(0): 800x600@75Hz
[    55.312] (II) modeset(0): 1024x768@60Hz
[    55.312] (II) modeset(0): 1024x768@75Hz
[    55.312] (II) modeset(0): 1280x1024@75Hz
[    55.312] (II) modeset(0): Manufacturer's mask: 0
[    55.312] (II) modeset(0): Supported standard timings:
[    55.312] (II) modeset(0): #0: hsize: 1152  vsize 864  refresh: 75  vid: 20337
[    55.312] (II) modeset(0): #1: hsize: 1280  vsize 1024  refresh: 60  vid: 32897
[    55.312] (II) modeset(0): #2: hsize: 1440  vsize 900  refresh: 60  vid: 149
[    55.312] (II) modeset(0): #3: hsize: 1680  vsize 1050  refresh: 60  vid: 179
[    55.312] (II) modeset(0): #4: hsize: 1600  vsize 900  refresh: 60  vid: 49321
[    55.312] (II) modeset(0): #5: hsize: 1280  vsize 800  refresh: 60  vid: 129
[    55.312] (II) modeset(0): #6: hsize: 1280  vsize 720  refresh: 60  vid: 49281
[    55.312] (II) modeset(0): #7: hsize: 1400  vsize 1050  refresh: 60  vid: 16528
[    55.312] (II) modeset(0): Supported detailed timing:
[    55.312] (II) modeset(0): clock: 148.5 MHz   Image Size:  480 x 270 mm
[    55.312] (II) modeset(0): h_active: 1920  h_sync: 2008  h_sync_end 2052 h_blank_end 2200 h_border: 0
[    55.312] (II) modeset(0): v_active: 1080  v_sync: 1084  v_sync_end 1089 v_blanking: 1125 v_border: 0
[    55.312] (II) modeset(0): Ranges: V min: 56 V max: 75 Hz, H min: 30 H max: 83 kHz, PixClock max 155 MHz
[    55.312] (II) modeset(0): Monitor name: LG IPS FULLHD
[    55.312] (II) modeset(0): Serial No: 904NTRLDM518
[    55.312] (II) modeset(0): EDID (in hex):
[    55.312] (II) modeset(0): 	00ffffffffffff001e6db65a9e120700
[    55.312] (II) modeset(0): 	041d01036c301b78ea3135a5554ea126
[    55.312] (II) modeset(0): 	0c5054a54b00714f81809500b300a9c0
[    55.312] (II) modeset(0): 	810081c09040023a801871382d40582c
[    55.312] (II) modeset(0): 	4500e00e1100001e000000fd00384b1e
[    55.312] (II) modeset(0): 	530f000a202020202020000000fc004c
[    55.312] (II) modeset(0): 	47204950532046554c4c4844000000ff
[    55.312] (II) modeset(0): 	003930344e54524c444d3531380a0034
[    55.313] (II) modeset(0): Printing probed modes for output VGA-1
[    55.313] (II) modeset(0): Modeline "1920x1080"x60.0  148.50  1920 2008 2052 2200  1080 1084 1089 1125 +hsync +vsync (67.5 kHz eP)
[    55.313] (II) modeset(0): Modeline "1680x1050"x60.0  146.25  1680 1784 1960 2240  1050 1053 1059 1089 -hsync +vsync (65.3 kHz e)
[    55.313] (II) modeset(0): Modeline "1400x1050"x60.0  121.75  1400 1488 1632 1864  1050 1053 1057 1089 -hsync +vsync (65.3 kHz e)
[    55.313] (II) modeset(0): Modeline "1600x900"x60.0  108.00  1600 1624 1704 1800  900 901 904 1000 +hsync +vsync (60.0 kHz e)
[    55.313] (II) modeset(0): Modeline "1280x1024"x75.0  135.00  1280 1296 1440 1688  1024 1025 1028 1066 +hsync +vsync (80.0 kHz e)
[    55.313] (II) modeset(0): Modeline "1280x1024"x60.0  108.00  1280 1328 1440 1688  1024 1025 1028 1066 +hsync +vsync (64.0 kHz e)
[    55.313] (II) modeset(0): Modeline "1440x900"x59.9  106.50  1440 1520 1672 1904  900 903 909 934 -hsync +vsync (55.9 kHz e)
[    55.313] (II) modeset(0): Modeline "1280x800"x59.8   83.50  1280 1352 1480 1680  800 803 809 831 -hsync +vsync (49.7 kHz e)
[    55.313] (II) modeset(0): Modeline "1152x864"x75.0  108.00  1152 1216 1344 1600  864 865 868 900 +hsync +vsync (67.5 kHz e)
[    55.313] (II) modeset(0): Modeline "1280x720"x60.0   74.25  1280 1390 1430 1650  720 725 730 750 +hsync +vsync (45.0 kHz e)
[    55.313] (II) modeset(0): Modeline "1024x768"x75.0   78.75  1024 1040 1136 1312  768 769 772 800 +hsync +vsync (60.0 kHz e)
[    55.313] (II) modeset(0): Modeline "1024x768"x60.0   65.00  1024 1048 1184 1344  768 771 777 806 -hsync -vsync (48.4 kHz e)
[    55.313] (II) modeset(0): Modeline "800x600"x75.0   49.50  800 816 896 1056  600 601 604 625 +hsync +vsync (46.9 kHz e)
[    55.313] (II) modeset(0): Modeline "800x600"x60.3   40.00  800 840 968 1056  600 601 605 628 +hsync +vsync (37.9 kHz e)
[    55.313] (II) modeset(0): Modeline "640x480"x75.0   31.50  640 656 720 840  480 481 484 500 -hsync -vsync (37.5 kHz e)
[    55.313] (II) modeset(0): Modeline "640x480"x59.9   25.18  640 656 752 800  480 490 492 525 -hsync -vsync (31.5 kHz e)
[    55.313] (II) modeset(0): Modeline "720x400"x70.1   28.32  720 738 846 900  400 412 414 449 -hsync +vsync (31.5 kHz e)
[    55.314] (II) modeset(0): EDID for output HDMI-1
[    55.314] (II) modeset(0): EDID for output DP-1
[    55.316] (II) modeset(0): EDID for output HDMI-2
[    55.316] (II) modeset(0): EDID for output DP-2
[    55.316] (II) modeset(0): Output VGA-1 connected
[    55.316] (II) modeset(0): Output HDMI-1 disconnected
[    55.316] (II) modeset(0): Output DP-1 disconnected
[    55.316] (II) modeset(0): Output HDMI-2 disconnected
[    55.316] (II) modeset(0): Output DP-2 disconnected
[    55.316] (II) modeset(0): Using exact sizes for initial modes
[    55.316] (II) modeset(0): Output VGA-1 using initial mode 1920x1080 +0+0
[    55.316] (==) modeset(0): Using gamma correction (1.0, 1.0, 1.0)
[    55.316] (==) modeset(0): DPI set to (96, 96)
[    55.316] (II) Loading sub module "fb"
[    55.316] (II) LoadModule: "fb"
[    55.316] (II) Loading /usr/lib/xorg/modules/libfb.so
[    55.396] (II) Module fb: vendor="X.Org Foundation"
[    55.396] 	compiled for 1.20.8, module version = 1.0.0
[    55.396] 	ABI class: X.Org ANSI C Emulation, version 0.4
[    55.396] (II) UnloadModule: "fbdev"
[    55.396] (II) Unloading fbdev
[    55.396] (II) UnloadSubModule: "fbdevhw"
[    55.396] (II) Unloading fbdevhw
[    55.397] (II) UnloadModule: "vesa"
[    55.397] (II) Unloading vesa
[    55.984] (==) modeset(0): Backing store enabled
[    55.984] (==) modeset(0): Silken mouse enabled
[    56.056] (II) modeset(0): Initializing kms color map for depth 24, 8 bpc.
[    56.056] (==) modeset(0): DPMS enabled
[    56.056] (II) modeset(0): [DRI2] Setup complete
[    56.056] (II) modeset(0): [DRI2]   DRI driver: i965
[    56.056] (II) modeset(0): [DRI2]   VDPAU driver: va_gl
[    56.056] (II) Initializing extension Generic Event Extension
[    56.056] (II) Initializing extension SHAPE
[    56.057] (II) Initializing extension MIT-SHM
[    56.057] (II) Initializing extension XInputExtension
[    56.085] (II) Initializing extension XTEST
[    56.086] (II) Initializing extension BIG-REQUESTS
[    56.086] (II) Initializing extension SYNC
[    56.086] (II) Initializing extension XKEYBOARD
[    56.086] (II) Initializing extension XC-MISC
[    56.086] (II) Initializing extension SECURITY
[    56.087] (II) Initializing extension XFIXES
[    56.087] (II) Initializing extension RENDER
[    56.087] (II) Initializing extension RANDR
[    56.087] (II) Initializing extension COMPOSITE
[    56.088] (II) Initializing extension DAMAGE
[    56.088] (II) Initializing extension MIT-SCREEN-SAVER
[    56.088] (II) Initializing extension DOUBLE-BUFFER
[    56.088] (II) Initializing extension RECORD
[    56.088] (II) Initializing extension DPMS
[    56.088] (II) Initializing extension Present
[    56.089] (II) Initializing extension DRI3
[    56.089] (II) Initializing extension X-Resource
[    56.089] (II) Initializing extension XVideo
[    56.089] (II) Initializing extension XVideo-MotionCompensation
[    56.089] (II) Initializing extension SELinux
[    56.089] (II) SELinux: Disabled on system
[    56.089] (II) Initializing extension GLX
[    56.128] (II) AIGLX: Loaded and initialized i965
[    56.128] (II) GLX: Initialized DRI2 GL provider for screen 0
[    56.128] (II) Initializing extension XFree86-VidModeExtension
[    56.128] (II) Initializing extension XFree86-DGA
[    56.128] (II) Initializing extension XFree86-DRI
[    56.128] (II) Initializing extension DRI2
[    56.940] (II) modeset(0): Damage tracking initialized
[    56.940] (II) modeset(0): Setting screen physical size to 508 x 285
[    58.694] (II) config/udev: Adding input device Power Button (/dev/input/event1)
[    58.694] (**) Power Button: Applying InputClass "libinput keyboard catchall"
[    58.694] (II) LoadModule: "libinput"
[    58.694] (II) Loading /usr/lib/xorg/modules/input/libinput_drv.so
[    58.954] (II) Module libinput: vendor="X.Org Foundation"
[    58.954] 	compiled for 1.20.4, module version = 0.29.0
[    58.954] 	Module class: X.Org XInput Driver
[    58.954] 	ABI class: X.Org XInput driver, version 24.1
[    58.954] (II) Using input driver 'libinput' for 'Power Button'
[    58.955] (II) systemd-logind: got fd for /dev/input/event1 13:65 fd 22 paused 0
[    58.955] (**) Power Button: always reports core events
[    58.955] (**) Option "Device" "/dev/input/event1"
[    58.964] (**) Option "_source" "server/udev"
[    59.351] (II) event1  - Power Button: is tagged by udev as: Keyboard
[    59.351] (II) event1  - Power Button: device is a keyboard
[    59.351] (II) event1  - Power Button: device removed
[    59.351] (**) Option "config_info" "udev:/sys/devices/LNXSYSTM:00/LNXPWRBN:00/input/input1/event1"
[    59.351] (II) XINPUT: Adding extended input device "Power Button" (type: KEYBOARD, id 6)
[    59.351] (**) Option "xkb_layout" "us,ru,fr"
[    59.351] (**) Option "xkb_variant" ",,"
[    59.586] (II) event1  - Power Button: is tagged by udev as: Keyboard
[    59.586] (II) event1  - Power Button: device is a keyboard
[    59.587] (II) config/udev: Adding input device Power Button (/dev/input/event0)
[    59.587] (**) Power Button: Applying InputClass "libinput keyboard catchall"
[    59.587] (II) Using input driver 'libinput' for 'Power Button'
[    59.589] (II) systemd-logind: got fd for /dev/input/event0 13:64 fd 25 paused 0
[    59.589] (**) Power Button: always reports core events
[    59.589] (**) Option "Device" "/dev/input/event0"
[    59.589] (**) Option "_source" "server/udev"
[    59.590] (II) event0  - Power Button: is tagged by udev as: Keyboard
[    59.590] (II) event0  - Power Button: device is a keyboard
[    59.591] (II) event0  - Power Button: device removed
[    59.591] (**) Option "config_info" "udev:/sys/devices/LNXSYSTM:00/LNXSYBUS:00/PNP0C0C:00/input/input0/event0"
[    59.591] (II) XINPUT: Adding extended input device "Power Button" (type: KEYBOARD, id 7)
[    59.591] (**) Option "xkb_layout" "us,ru,fr"
[    59.591] (**) Option "xkb_variant" ",,"
[    59.592] (II) event0  - Power Button: is tagged by udev as: Keyboard
[    59.592] (II) event0  - Power Button: device is a keyboard
[    59.593] (II) config/udev: Adding input device HDA Intel PCH Line Out (/dev/input/event9)
[    59.593] (II) No input driver specified, ignoring this device.
[    59.593] (II) This device may have been added with another device file.
[    59.594] (II) config/udev: Adding input device HDA Intel PCH Rear Mic (/dev/input/event6)
[    59.594] (II) No input driver specified, ignoring this device.
[    59.594] (II) This device may have been added with another device file.
[    59.595] (II) config/udev: Adding input device HDA Intel PCH Front Mic (/dev/input/event7)
[    59.595] (II) No input driver specified, ignoring this device.
[    59.595] (II) This device may have been added with another device file.
[    59.595] (II) config/udev: Adding input device HDA Intel PCH Line (/dev/input/event8)
[    59.595] (II) No input driver specified, ignoring this device.
[    59.595] (II) This device may have been added with another device file.
[    59.597] (II) config/udev: Adding input device Logitech USB Keyboard (/dev/input/event2)
[    59.597] (**) Logitech USB Keyboard: Applying InputClass "libinput keyboard catchall"
[    59.597] (II) Using input driver 'libinput' for 'Logitech USB Keyboard'
[    59.598] (II) systemd-logind: got fd for /dev/input/event2 13:66 fd 26 paused 0
[    59.598] (**) Logitech USB Keyboard: always reports core events
[    59.598] (**) Option "Device" "/dev/input/event2"
[    59.598] (**) Option "_source" "server/udev"
[    59.601] (II) event2  - Logitech USB Keyboard: is tagged by udev as: Keyboard
[    59.601] (II) event2  - Logitech USB Keyboard: device is a keyboard
[    59.601] (II) event2  - Logitech USB Keyboard: device removed
[    59.601] (**) Option "config_info" "udev:/sys/devices/pci0000:00/0000:00:1d.0/usb2/2-1/2-1.1/2-1.1:1.0/0003:046D:C328.0001/input/input3/event2"
[    59.601] (II) XINPUT: Adding extended input device "Logitech USB Keyboard" (type: KEYBOARD, id 8)
[    59.601] (**) Option "xkb_layout" "us,ru,fr"
[    59.601] (**) Option "xkb_variant" ",,"
[    59.603] (II) event2  - Logitech USB Keyboard: is tagged by udev as: Keyboard
[    59.603] (II) event2  - Logitech USB Keyboard: device is a keyboard
[    59.604] (II) config/udev: Adding input device Logitech USB Keyboard Consumer Control (/dev/input/event3)
[    59.604] (**) Logitech USB Keyboard Consumer Control: Applying InputClass "libinput keyboard catchall"
[    59.604] (II) Using input driver 'libinput' for 'Logitech USB Keyboard Consumer Control'
[    59.605] (II) systemd-logind: got fd for /dev/input/event3 13:67 fd 27 paused 0
[    59.605] (**) Logitech USB Keyboard Consumer Control: always reports core events
[    59.605] (**) Option "Device" "/dev/input/event3"
[    59.605] (**) Option "_source" "server/udev"
[    59.606] (II) event3  - Logitech USB Keyboard Consumer Control: is tagged by udev as: Keyboard
[    59.606] (II) event3  - Logitech USB Keyboard Consumer Control: device is a keyboard
[    59.607] (II) event3  - Logitech USB Keyboard Consumer Control: device removed
[    59.607] (II) libinput: Logitech USB Keyboard Consumer Control: needs a virtual subdevice
[    59.607] (**) Option "config_info" "udev:/sys/devices/pci0000:00/0000:00:1d.0/usb2/2-1/2-1.1/2-1.1:1.1/0003:046D:C328.0002/input/input4/event3"
[    59.607] (II) XINPUT: Adding extended input device "Logitech USB Keyboard Consumer Control" (type: MOUSE, id 9)
[    59.607] (**) Option "AccelerationScheme" "none"
[    59.607] (**) Logitech USB Keyboard Consumer Control: (accel) selected scheme none/0
[    59.607] (**) Logitech USB Keyboard Consumer Control: (accel) acceleration factor: 2.000
[    59.607] (**) Logitech USB Keyboard Consumer Control: (accel) acceleration threshold: 4
[    59.608] (II) event3  - Logitech USB Keyboard Consumer Control: is tagged by udev as: Keyboard
[    59.608] (II) event3  - Logitech USB Keyboard Consumer Control: device is a keyboard
[    59.609] (II) config/udev: Adding input device Logitech USB Keyboard System Control (/dev/input/event4)
[    59.609] (**) Logitech USB Keyboard System Control: Applying InputClass "libinput keyboard catchall"
[    59.609] (II) Using input driver 'libinput' for 'Logitech USB Keyboard System Control'
[    59.610] (II) systemd-logind: got fd for /dev/input/event4 13:68 fd 28 paused 0
[    59.611] (**) Logitech USB Keyboard System Control: always reports core events
[    59.611] (**) Option "Device" "/dev/input/event4"
[    59.611] (**) Option "_source" "server/udev"
[    59.613] (II) event4  - Logitech USB Keyboard System Control: is tagged by udev as: Keyboard
[    59.613] (II) event4  - Logitech USB Keyboard System Control: device is a keyboard
[    59.613] (II) event4  - Logitech USB Keyboard System Control: device removed
[    59.613] (**) Option "config_info" "udev:/sys/devices/pci0000:00/0000:00:1d.0/usb2/2-1/2-1.1/2-1.1:1.1/0003:046D:C328.0002/input/input5/event4"
[    59.613] (II) XINPUT: Adding extended input device "Logitech USB Keyboard System Control" (type: KEYBOARD, id 10)
[    59.613] (**) Option "xkb_layout" "us,ru,fr"
[    59.613] (**) Option "xkb_variant" ",,"
[    59.615] (II) event4  - Logitech USB Keyboard System Control: is tagged by udev as: Keyboard
[    59.615] (II) event4  - Logitech USB Keyboard System Control: device is a keyboard
[    59.617] (II) config/udev: Adding input device Logitech USB Optical Mouse (/dev/input/event5)
[    59.617] (**) Logitech USB Optical Mouse: Applying InputClass "libinput pointer catchall"
[    59.617] (II) Using input driver 'libinput' for 'Logitech USB Optical Mouse'
[    59.618] (II) systemd-logind: got fd for /dev/input/event5 13:69 fd 29 paused 0
[    59.618] (**) Logitech USB Optical Mouse: always reports core events
[    59.618] (**) Option "Device" "/dev/input/event5"
[    59.618] (**) Option "_source" "server/udev"
[    59.619] (II) event5  - Logitech USB Optical Mouse: is tagged by udev as: Mouse
[    59.619] (II) event5  - Logitech USB Optical Mouse: device set to 1000 DPI
[    59.619] (II) event5  - Logitech USB Optical Mouse: device is a pointer
[    59.619] (II) event5  - Logitech USB Optical Mouse: device removed
[    59.619] (**) Option "config_info" "udev:/sys/devices/pci0000:00/0000:00:1d.0/usb2/2-1/2-1.2/2-1.2:1.0/0003:046D:C05A.0003/input/input6/event5"
[    59.619] (II) XINPUT: Adding extended input device "Logitech USB Optical Mouse" (type: MOUSE, id 11)
[    59.620] (**) Option "AccelerationScheme" "none"
[    59.620] (**) Logitech USB Optical Mouse: (accel) selected scheme none/0
[    59.620] (**) Logitech USB Optical Mouse: (accel) acceleration factor: 2.000
[    59.620] (**) Logitech USB Optical Mouse: (accel) acceleration threshold: 4
[    59.621] (II) event5  - Logitech USB Optical Mouse: is tagged by udev as: Mouse
[    59.621] (II) event5  - Logitech USB Optical Mouse: device set to 1000 DPI
[    59.621] (II) event5  - Logitech USB Optical Mouse: device is a pointer
[    59.622] (II) config/udev: Adding input device Logitech USB Optical Mouse (/dev/input/mouse0)
[    59.622] (II) No input driver specified, ignoring this device.
[    59.622] (II) This device may have been added with another device file.
[    59.639] (**) Logitech USB Keyboard Consumer Control: Applying InputClass "libinput keyboard catchall"
[    59.639] (II) Using input driver 'libinput' for 'Logitech USB Keyboard Consumer Control'
[    59.639] (II) systemd-logind: returning pre-existing fd for /dev/input/event3 13:67
[    59.639] (**) Logitech USB Keyboard Consumer Control: always reports core events
[    59.639] (**) Option "Device" "/dev/input/event3"
[    59.639] (**) Option "_source" "_driver/libinput"
[    59.639] (II) libinput: Logitech USB Keyboard Consumer Control: is a virtual subdevice
[    59.639] (**) Option "config_info" "udev:/sys/devices/pci0000:00/0000:00:1d.0/usb2/2-1/2-1.1/2-1.1:1.1/0003:046D:C328.0002/input/input4/event3"
[    59.639] (II) XINPUT: Adding extended input device "Logitech USB Keyboard Consumer Control" (type: KEYBOARD, id 12)
[    59.639] (**) Option "xkb_layout" "us,ru,fr"
[    59.639] (**) Option "xkb_variant" ",,"
[    68.310] (II) modeset(0): EDID vendor "GSM", prod id 23222
[    68.311] (II) modeset(0): Using EDID range info for horizontal sync
[    68.311] (II) modeset(0): Using EDID range info for vertical refresh
[    68.311] (II) modeset(0): Printing DDC gathered Modelines:
[    68.311] (II) modeset(0): Modeline "1920x1080"x0.0  148.50  1920 2008 2052 2200  1080 1084 1089 1125 +hsync +vsync (67.5 kHz eP)
[    68.311] (II) modeset(0): Modeline "800x600"x0.0   40.00  800 840 968 1056  600 601 605 628 +hsync +vsync (37.9 kHz e)
[    68.311] (II) modeset(0): Modeline "640x480"x0.0   31.50  640 656 720 840  480 481 484 500 -hsync -vsync (37.5 kHz e)
[    68.311] (II) modeset(0): Modeline "640x480"x0.0   25.18  640 656 752 800  480 490 492 525 -hsync -vsync (31.5 kHz e)
[    68.311] (II) modeset(0): Modeline "720x400"x0.0   28.32  720 738 846 900  400 412 414 449 -hsync +vsync (31.5 kHz e)
[    68.311] (II) modeset(0): Modeline "1280x1024"x0.0  135.00  1280 1296 1440 1688  1024 1025 1028 1066 +hsync +vsync (80.0 kHz e)
[    68.311] (II) modeset(0): Modeline "1024x768"x0.0   78.75  1024 1040 1136 1312  768 769 772 800 +hsync +vsync (60.0 kHz e)
[    68.311] (II) modeset(0): Modeline "1024x768"x0.0   65.00  1024 1048 1184 1344  768 771 777 806 -hsync -vsync (48.4 kHz e)
[    68.311] (II) modeset(0): Modeline "800x600"x0.0   49.50  800 816 896 1056  600 601 604 625 +hsync +vsync (46.9 kHz e)
[    68.311] (II) modeset(0): Modeline "1152x864"x0.0  108.00  1152 1216 1344 1600  864 865 868 900 +hsync +vsync (67.5 kHz e)
[    68.311] (II) modeset(0): Modeline "1280x1024"x0.0  108.00  1280 1328 1440 1688  1024 1025 1028 1066 +hsync +vsync (64.0 kHz e)
[    68.311] (II) modeset(0): Modeline "1440x900"x0.0  106.50  1440 1520 1672 1904  900 903 909 934 -hsync +vsync (55.9 kHz e)
[    68.311] (II) modeset(0): Modeline "1680x1050"x0.0  146.25  1680 1784 1960 2240  1050 1053 1059 1089 -hsync +vsync (65.3 kHz e)
[    68.311] (II) modeset(0): Modeline "1600x900"x60.0  119.00  1600 1696 1864 2128  900 901 904 932 -hsync +vsync (55.9 kHz e)
[    68.311] (II) modeset(0): Modeline "1280x800"x0.0   83.50  1280 1352 1480 1680  800 803 809 831 -hsync +vsync (49.7 kHz e)
[    68.311] (II) modeset(0): Modeline "1280x720"x60.0   74.48  1280 1336 1472 1664  720 721 724 746 -hsync +vsync (44.8 kHz e)
[    68.311] (II) modeset(0): Modeline "1400x1050"x0.0  121.75  1400 1488 1632 1864  1050 1053 1057 1089 -hsync +vsync (65.3 kHz e)
